2025-06-19 13:06:46,258 Namespace(download_path='./data', download=False, dataset_name='animals', valid_ratio=0.2, test_ratio=0.1, random_seed=10, pin_memory=False, num_workers=4, shuffle=True, batch_size=128, out_dir='./outputs', log_dir='./log_dir', isTrainable=False, n_classes=5, epochs=100)
2025-06-19 13:06:50,955 Testing Step...
2025-06-19 13:06:50,956 Loading checkpoint for testing..
2025-06-19 13:06:56,113 Classifier: VGG16 finished with:
  • Accuracy (overall):   86.78%
  • Precision (macro):    85.10%
  • Recall (macro):       85.13%
  • F1 score (macro):     85.07%
2025-06-19 13:06:56,113 
{
  "elefante": {
    "precision": 0.9117647058823529,
    "recall": 0.8611111111111112,
    "f1-score": 0.8857142857142857,
    "support": 144.0
  },
  "farfalla": {
    "precision": 0.9550561797752809,
    "recall": 0.9392265193370166,
    "f1-score": 0.947075208913649,
    "support": 181.0
  },
  "mucca": {
    "precision": 0.8834355828220859,
    "recall": 0.8571428571428571,
    "f1-score": 0.8700906344410876,
    "support": 168.0
  },
  "pecora": {
    "precision": 0.7966101694915254,
    "recall": 0.8597560975609756,
    "f1-score": 0.8269794721407625,
    "support": 164.0
  },
  "scoiattolo": {
    "precision": 0.7083333333333334,
    "recall": 0.7391304347826086,
    "f1-score": 0.723404255319149,
    "support": 69.0
  },
  "accuracy": 0.8677685950413223,
  "macro avg": {
    "precision": 0.8510399942609157,
    "recall": 0.8512734039869139,
    "f1-score": 0.8506527713057868,
    "support": 726.0
  },
  "weighted avg": {
    "precision": 0.8706550026130927,
    "recall": 0.8677685950413223,
    "f1-score": 0.8687027873146512,
    "support": 726.0
  }
}
