2025-06-18 20:50:27,120 Namespace(download_path='./data', download=False, dataset_name='animals', valid_ratio=0.2, test_ratio=0.1, random_seed=10, pin_memory=False, num_workers=4, shuffle=True, batch_size=128, out_dir='./outputs', log_dir='./log_dir', isTrainable=False, n_classes=5, epochs=50)
2025-06-18 20:50:30,578 Testing Step...
2025-06-18 20:50:30,578 Loading checkpoint for testing..
2025-06-18 20:50:34,359 Classifier: VGG16 finished with:
  • Accuracy (overall):   23.14%
  • Precision (macro):    14.68%
  • Recall (macro):       20.05%
  • F1 score (macro):     8.51%
2025-06-18 20:50:34,359 
{
  "elefante": {
    "precision": 0.16666666666666666,
    "recall": 0.020833333333333332,
    "f1-score": 0.037037037037037035,
    "support": 144.0
  },
  "farfalla": {
    "precision": 0.3333333333333333,
    "recall": 0.0055248618784530384,
    "f1-score": 0.010869565217391304,
    "support": 181.0
  },
  "mucca": {
    "precision": 0.23395149786019973,
    "recall": 0.9761904761904762,
    "f1-score": 0.37744533947065595,
    "support": 168.0
  },
  "pecora": {
    "precision": 0.0,
    "recall": 0.0,
    "f1-score": 0.0,
    "support": 164.0
  },
  "scoiattolo": {
    "precision": 0.0,
    "recall": 0.0,
    "f1-score": 0.0,
    "support": 69.0
  },
  "accuracy": 0.23140495867768596,
  "macro avg": {
    "precision": 0.14679029957203996,
    "recall": 0.2005097342804525,
    "f1-score": 0.08507038834501686,
    "support": 726.0
  },
  "weighted avg": {
    "precision": 0.1702991528565384,
    "recall": 0.23140495867768596,
    "f1-score": 0.09739881772555284,
    "support": 726.0
  }
}
