2025-06-19 15:40:26,274 Namespace(download_path='./data', download=False, dataset_name='animals', valid_ratio=0.2, test_ratio=0.1, random_seed=10, pin_memory=False, num_workers=4, shuffle=True, batch_size=128, out_dir='./outputs', log_dir='./log_dir', isTrainable=False, n_classes=5, epochs=100)
2025-06-19 15:40:30,879 Testing Step...
2025-06-19 15:40:30,879 Loading checkpoint for testing..
2025-06-19 15:40:33,687 Classifier: VGG16 finished with:
  • Accuracy (overall):   77.27%
  • Precision (macro):    75.04%
  • Recall (macro):       75.05%
  • F1 score (macro):     75.01%
2025-06-19 15:40:33,687 
{
  "elefante": {
    "precision": 0.7655172413793103,
    "recall": 0.7708333333333334,
    "f1-score": 0.7681660899653979,
    "support": 144.0
  },
  "farfalla": {
    "precision": 0.9,
    "recall": 0.9447513812154696,
    "f1-score": 0.921832884097035,
    "support": 181.0
  },
  "mucca": {
    "precision": 0.7564102564102564,
    "recall": 0.7023809523809523,
    "f1-score": 0.7283950617283951,
    "support": 168.0
  },
  "pecora": {
    "precision": 0.7125748502994012,
    "recall": 0.725609756097561,
    "f1-score": 0.7190332326283988,
    "support": 164.0
  },
  "scoiattolo": {
    "precision": 0.6176470588235294,
    "recall": 0.6086956521739131,
    "f1-score": 0.6131386861313869,
    "support": 69.0
  },
  "accuracy": 0.7727272727272727,
  "macro avg": {
    "precision": 0.7504298813824994,
    "recall": 0.7504542150402459,
    "f1-score": 0.7501131909101229,
    "support": 726.0
  },
  "weighted avg": {
    "precision": 0.770924694687974,
    "recall": 0.7727272727272727,
    "f1-score": 0.7714408523981737,
    "support": 726.0
  }
}
