2025-06-19 13:09:20,679 Namespace(download_path='./data', download=False, dataset_name='animals', valid_ratio=0.2, test_ratio=0.1, random_seed=10, pin_memory=False, num_workers=4, shuffle=True, batch_size=128, out_dir='./outputs', log_dir='./log_dir', isTrainable=False, n_classes=5, epochs=100)
2025-06-19 13:09:25,576 Testing Step...
2025-06-19 13:09:25,576 Loading checkpoint for testing..
2025-06-19 13:09:30,522 Classifier: VGG16 finished with:
  • Accuracy (overall):   87.33%
  • Precision (macro):    86.08%
  • Recall (macro):       85.32%
  • F1 score (macro):     85.60%
2025-06-19 13:09:30,522 
{
  "elefante": {
    "precision": 0.8958333333333334,
    "recall": 0.8958333333333334,
    "f1-score": 0.8958333333333334,
    "support": 144.0
  },
  "farfalla": {
    "precision": 0.9459459459459459,
    "recall": 0.9668508287292817,
    "f1-score": 0.9562841530054644,
    "support": 181.0
  },
  "mucca": {
    "precision": 0.9019607843137255,
    "recall": 0.8214285714285714,
    "f1-score": 0.8598130841121495,
    "support": 168.0
  },
  "pecora": {
    "precision": 0.7944444444444444,
    "recall": 0.8719512195121951,
    "f1-score": 0.8313953488372093,
    "support": 164.0
  },
  "scoiattolo": {
    "precision": 0.765625,
    "recall": 0.7101449275362319,
    "f1-score": 0.7368421052631579,
    "support": 69.0
  },
  "accuracy": 0.8732782369146006,
  "macro avg": {
    "precision": 0.8607619016074899,
    "recall": 0.8532417761079227,
    "f1-score": 0.8560336049102629,
    "support": 726.0
  },
  "weighted avg": {
    "precision": 0.8744664488564889,
    "recall": 0.8732782369146006,
    "f1-score": 0.8729021656987471,
    "support": 726.0
  }
}
