2025-06-18 20:45:05,542 Namespace(download_path='./data', download=False, dataset_name='animals', valid_ratio=0.2, test_ratio=0.1, random_seed=10, pin_memory=False, num_workers=4, shuffle=True, batch_size=128, out_dir='./outputs', log_dir='./log_dir', isTrainable=False, n_classes=5, epochs=50)
2025-06-18 20:45:08,418 Testing Step...
2025-06-18 20:45:10,177 Classifier: VGG16 finished with:
  • Accuracy (overall):   24.66%
  • Precision (macro):    8.94%
  • Recall (macro):       19.96%
  • F1 score (macro):     8.43%
2025-06-18 20:45:10,177 
{
  "elefante": {
    "precision": 0.0,
    "recall": 0.0,
    "f1-score": 0.0,
    "support": 144.0
  },
  "farfalla": {
    "precision": 0.24687933425797504,
    "recall": 0.9834254143646409,
    "f1-score": 0.3946784922394678,
    "support": 181.0
  },
  "mucca": {
    "precision": 0.0,
    "recall": 0.0,
    "f1-score": 0.0,
    "support": 168.0
  },
  "pecora": {
    "precision": 0.0,
    "recall": 0.0,
    "f1-score": 0.0,
    "support": 164.0
  },
  "scoiattolo": {
    "precision": 0.2,
    "recall": 0.014492753623188406,
    "f1-score": 0.02702702702702703,
    "support": 69.0
  },
  "accuracy": 0.2465564738292011,
  "macro avg": {
    "precision": 0.08937586685159501,
    "recall": 0.19958363359756587,
    "f1-score": 0.08434110385329897,
    "support": 726.0
  },
  "weighted avg": {
    "precision": 0.08055807093759433,
    "recall": 0.2465564738292011,
    "f1-score": 0.10096649030331756,
    "support": 726.0
  }
}
