2025-06-19 16:26:17,941 Namespace(download_path='./data', download=False, dataset_name='animals', valid_ratio=0.2, test_ratio=0.1, random_seed=10, pin_memory=False, num_workers=4, shuffle=True, batch_size=128, out_dir='./outputs', log_dir='./log_dir', isTrainable=False, n_classes=5, epochs=50)
2025-06-19 16:26:21,115 Testing Step...
2025-06-19 16:26:21,115 Loading checkpoint for testing..
2025-06-19 16:26:23,928 Classifier: VGG16 finished with:
  • Accuracy (overall):   30.99%
  • Precision (macro):    40.63%
  • Recall (macro):       27.62%
  • F1 score (macro):     20.72%
2025-06-19 16:26:23,928 
              precision    recall  f1-score   support

    elefante       0.35      0.08      0.13       144
    farfalla       0.98      0.25      0.40       181
       mucca       0.33      0.01      0.02       168
      pecora       0.27      0.99      0.42       164
  scoiattolo       0.10      0.04      0.06        69

    accuracy                           0.31       726
   macro avg       0.41      0.28      0.21       726
weighted avg       0.46      0.31      0.23       726

2025-06-19 16:26:41,187 Namespace(download_path='./data', download=False, dataset_name='animals', valid_ratio=0.2, test_ratio=0.1, random_seed=10, pin_memory=False, num_workers=4, shuffle=True, batch_size=128, out_dir='./outputs', log_dir='./log_dir', isTrainable=False, n_classes=5, epochs=50)
2025-06-19 16:26:44,188 Testing Step...
2025-06-19 16:26:44,188 Loading checkpoint for testing..
2025-06-19 16:26:46,954 Classifier: VGG16 finished with:
  • Accuracy (overall):   78.79%
  • Precision (macro):    77.14%
  • Recall (macro):       76.24%
  • F1 score (macro):     76.54%
2025-06-19 16:26:46,954 
              precision    recall  f1-score   support

    elefante       0.77      0.75      0.76       144
    farfalla       0.90      0.97      0.94       181
       mucca       0.73      0.79      0.76       168
      pecora       0.76      0.69      0.72       164
  scoiattolo       0.69      0.61      0.65        69

    accuracy                           0.79       726
   macro avg       0.77      0.76      0.77       726
weighted avg       0.79      0.79      0.79       726

