2025-06-18 21:46:24,560 Namespace(download_path='./data', download=False, dataset_name='animals', valid_ratio=0.2, test_ratio=0.1, random_seed=10, pin_memory=False, num_workers=4, shuffle=True, batch_size=128, out_dir='./outputs', log_dir='./log_dir', isTrainable=False, n_classes=5, epochs=100)
2025-06-18 21:46:28,316 Testing Step...
2025-06-18 21:46:28,316 Loading checkpoint for testing..
2025-06-18 21:46:31,326 Classifier: VGG16 finished with:
  • Accuracy (overall):   53.44%
  • Precision (macro):    47.62%
  • Recall (macro):       47.32%
  • F1 score (macro):     46.05%
2025-06-18 21:46:31,326 
{
  "elefante": {
    "precision": 0.5714285714285714,
    "recall": 0.4444444444444444,
    "f1-score": 0.5,
    "support": 144.0
  },
  "farfalla": {
    "precision": 0.6283524904214559,
    "recall": 0.9060773480662984,
    "f1-score": 0.7420814479638009,
    "support": 181.0
  },
  "mucca": {
    "precision": 0.48344370860927155,
    "recall": 0.43452380952380953,
    "f1-score": 0.45768025078369906,
    "support": 168.0
  },
  "pecora": {
    "precision": 0.4576271186440678,
    "recall": 0.49390243902439024,
    "f1-score": 0.4750733137829912,
    "support": 164.0
  },
  "scoiattolo": {
    "precision": 0.24,
    "recall": 0.08695652173913043,
    "f1-score": 0.1276595744680851,
    "support": 69.0
  },
  "accuracy": 0.5344352617079889,
  "macro avg": {
    "precision": 0.47617037782067334,
    "recall": 0.4731809125596146,
    "f1-score": 0.46049891739971527,
    "support": 726.0
  },
  "weighted avg": {
    "precision": 0.5080535889200862,
    "recall": 0.5344352617079889,
    "f1-score": 0.5095420913385921,
    "support": 726.0
  }
}
