2025-06-18 20:40:09,496 Namespace(download_path='./data', download=False, dataset_name='animals', valid_ratio=0.2, test_ratio=0.1, random_seed=10, pin_memory=False, num_workers=4, shuffle=True, batch_size=128, out_dir='./outputs', log_dir='./log_dir', isTrainable=False, n_classes=5, epochs=50)
2025-06-18 20:40:12,297 Testing Step...
2025-06-18 20:40:14,022 Classifier: VGG16 finished with:
  • Accuracy (overall):   22.59%
  • Precision (macro):    4.52%
  • Recall (macro):       20.00%
  • F1 score (macro):     7.37%
2025-06-18 20:40:14,022 
{
  "elefante": {
    "precision": 0.0,
    "recall": 0.0,
    "f1-score": 0.0,
    "support": 144.0
  },
  "farfalla": {
    "precision": 0.0,
    "recall": 0.0,
    "f1-score": 0.0,
    "support": 181.0
  },
  "mucca": {
    "precision": 0.0,
    "recall": 0.0,
    "f1-score": 0.0,
    "support": 168.0
  },
  "pecora": {
    "precision": 0.22589531680440772,
    "recall": 1.0,
    "f1-score": 0.3685393258426966,
    "support": 164.0
  },
  "scoiattolo": {
    "precision": 0.0,
    "recall": 0.0,
    "f1-score": 0.0,
    "support": 69.0
  },
  "accuracy": 0.22589531680440772,
  "macro avg": {
    "precision": 0.045179063360881545,
    "recall": 0.2,
    "f1-score": 0.07370786516853932,
    "support": 726.0
  },
  "weighted avg": {
    "precision": 0.05102869415416373,
    "recall": 0.22589531680440772,
    "f1-score": 0.08325130776611879,
    "support": 726.0
  }
}
